
   ******************************************* 
   **** OUTPUT FROM DALTON SHELL SCRIPT
   ******************************************* 

   DALTON release Dalton2022.0-dev (2022)

   Invocation: /home3/hb-qchav/Dalton/dalton -noarch -d -get molden.inp -o allyl_opt_allyl.out allyl_opt allyl

   Sat Apr 13 14:15:50 CEST 2024

   Calculation: allyl_opt_allyl  (input files: allyl_opt.dal and allyl.mol)
   PID        : 3671940
   Input dir  : /home1/s4925076/dalton-files/Sample_inputs_dalton2024_updated/ex2good/31G
   Scratch dir: /tmp/DALTON_scratch_s4925076/allyl_opt_allyl_3671940


 DALTON: default work memory size used.            64000000

 Work memory size (LMWORK+2):    64000002 =  488.28 megabytes; node   0

   0: Directories for basis set searches:
     /home1/s4925076/dalton-files/Sample_inputs_dalton2024_updated/ex2good/31G:/home3/hb-qchav/Dalton/basis
allyl_opt_allyl.tar.gz has not been created and has thus not been copied to /home1/s4925076/dalton-files/Sample_inputs_dalton2024_updated/ex2good/31G
Copying files requested with -get back from scratch directory
'molden.inp' -> '/home1/s4925076/dalton-files/Sample_inputs_dalton2024_updated/ex2good/31G/allyl_opt_allyl.molden.inp'
Output is in /home1/s4925076/dalton-files/Sample_inputs_dalton2024_updated/ex2good/31G/allyl_opt_allyl.out as requested in input.

   Sat Apr 13 14:16:04 CEST 2024
   ***************************************** 
