
   ******************************************* 
   **** OUTPUT FROM DALTON SHELL SCRIPT
   ******************************************* 

   DALTON release Dalton2022.0-dev (2022)

   Invocation: /home3/hb-qchav/Dalton/dalton -noarch -d -get molden.inp -o ts_saddle_ts.out ts_saddle ts

   Tue Mar 26 12:39:49 CET 2024

   Calculation: ts_saddle_ts  (input files: ts_saddle.dal and ts.mol)
   PID        : 849333
   Input dir  : /home1/s4925076/Sample_inputs_dalton2024_updated/ex3/enol_saddle
   Scratch dir: /tmp/DALTON_scratch_s4925076/ts_saddle_ts_849333


 DALTON: default work memory size used.            64000000

 Work memory size (LMWORK+2):    64000002 =  488.28 megabytes; node   0

   0: Directories for basis set searches:
     /home1/s4925076/Sample_inputs_dalton2024_updated/ex3/enol_saddle:/home3/hb-qchav/Dalton/basis
ts_saddle_ts.tar.gz has not been created and has thus not been copied to /home1/s4925076/Sample_inputs_dalton2024_updated/ex3/enol_saddle
Copying files requested with -get back from scratch directory
'molden.inp' -> '/home1/s4925076/Sample_inputs_dalton2024_updated/ex3/enol_saddle/ts_saddle_ts.molden.inp'
Output is in /home1/s4925076/Sample_inputs_dalton2024_updated/ex3/enol_saddle/ts_saddle_ts.out as requested in input.

   Tue Mar 26 12:40:07 CET 2024
   ***************************************** 
