
   ******************************************* 
   **** OUTPUT FROM DALTON SHELL SCRIPT
   ******************************************* 

   DALTON release Dalton2022.0-dev (2022)

   Invocation: /home3/hb-qchav/Dalton/dalton -noarch -d -get molden.inp -o ts_vib_ts.out ts_vib ts

   Tue Mar 26 12:42:14 CET 2024

   Calculation: ts_vib_ts  (input files: ts_vib.dal and ts.mol)
   PID        : 849570
   Input dir  : /home1/s4925076/Sample_inputs_dalton2024_updated/ex3/enol_saddle_vib
   Scratch dir: /tmp/DALTON_scratch_s4925076/ts_vib_ts_849570


 DALTON: default work memory size used.            64000000

 Work memory size (LMWORK+2):    64000002 =  488.28 megabytes; node   0

   0: Directories for basis set searches:
     /home1/s4925076/Sample_inputs_dalton2024_updated/ex3/enol_saddle_vib:/home3/hb-qchav/Dalton/basis
ts_vib_ts.tar.gz has not been created and has thus not been copied to /home1/s4925076/Sample_inputs_dalton2024_updated/ex3/enol_saddle_vib
Copying files requested with -get back from scratch directory
'molden.inp' -> '/home1/s4925076/Sample_inputs_dalton2024_updated/ex3/enol_saddle_vib/ts_vib_ts.molden.inp'
Output is in /home1/s4925076/Sample_inputs_dalton2024_updated/ex3/enol_saddle_vib/ts_vib_ts.out as requested in input.

   Tue Mar 26 12:42:21 CET 2024
   ***************************************** 
