
   ******************************************* 
   **** OUTPUT FROM DALTON SHELL SCRIPT
   ******************************************* 

   DALTON release Dalton2022.0-dev (2022)

   Invocation: /home3/hb-qchav/Dalton/dalton -noarch -d -get molden.inp -o enol_vib_enol.out enol_vib enol

   Tue Mar 26 11:33:20 CET 2024

   Calculation: enol_vib_enol  (input files: enol_vib.dal and enol.mol)
   PID        : 839321
   Input dir  : /home1/s4925076/Sample_inputs_dalton2024_updated/ex3/enol_vib
   Scratch dir: /tmp/DALTON_scratch_s4925076/enol_vib_enol_839321


 DALTON: default work memory size used.            64000000

 Work memory size (LMWORK+2):    64000002 =  488.28 megabytes; node   0

   0: Directories for basis set searches:
     /home1/s4925076/Sample_inputs_dalton2024_updated/ex3/enol_vib:/home3/hb-qchav/Dalton/basis
enol_vib_enol.tar.gz has not been created and has thus not been copied to /home1/s4925076/Sample_inputs_dalton2024_updated/ex3/enol_vib
Copying files requested with -get back from scratch directory
'molden.inp' -> '/home1/s4925076/Sample_inputs_dalton2024_updated/ex3/enol_vib/enol_vib_enol.molden.inp'
Output is in /home1/s4925076/Sample_inputs_dalton2024_updated/ex3/enol_vib/enol_vib_enol.out as requested in input.

   Tue Mar 26 11:33:28 CET 2024
   ***************************************** 
