
   ******************************************* 
   **** OUTPUT FROM DALTON SHELL SCRIPT
   ******************************************* 

   DALTON release Dalton2022.0-dev (2022)

   Invocation: /home3/hb-qchav/Dalton/dalton -noarch -d -get molden.inp -o hcn_sad_hcn.out hcn_sad hcn

   Tue Mar 26 12:36:09 CET 2024

   Calculation: hcn_sad_hcn  (input files: hcn_sad.dal and hcn.mol)
   PID        : 848706
   Input dir  : /home1/s4925076/Sample_inputs_dalton2024_updated/ex3/hcn_sad
   Scratch dir: /tmp/DALTON_scratch_s4925076/hcn_sad_hcn_848706


 DALTON: default work memory size used.            64000000

 Work memory size (LMWORK+2):    64000002 =  488.28 megabytes; node   0

   0: Directories for basis set searches:
     /home1/s4925076/Sample_inputs_dalton2024_updated/ex3/hcn_sad:/home3/hb-qchav/Dalton/basis
hcn_sad_hcn.tar.gz has not been created and has thus not been copied to /home1/s4925076/Sample_inputs_dalton2024_updated/ex3/hcn_sad
Copying files requested with -get back from scratch directory
'molden.inp' -> '/home1/s4925076/Sample_inputs_dalton2024_updated/ex3/hcn_sad/hcn_sad_hcn.molden.inp'
Output is in /home1/s4925076/Sample_inputs_dalton2024_updated/ex3/hcn_sad/hcn_sad_hcn.out as requested in input.

   Tue Mar 26 12:36:14 CET 2024
   ***************************************** 
