
   ******************************************* 
   **** OUTPUT FROM DALTON SHELL SCRIPT
   ******************************************* 

   DALTON release Dalton2022.0-dev (2022)

   Invocation: /home3/hb-qchav/Dalton/dalton -noarch -d -get molden.inp -o enol_opt_enol.out enol_opt enol

   Tue Mar 26 11:14:04 CET 2024

   Calculation: enol_opt_enol  (input files: enol_opt.dal and enol.mol)
   PID        : 831064
   Input dir  : /home1/s4925076/Sample_inputs_dalton2024_updated/ex3/enol_opt
   Scratch dir: /tmp/DALTON_scratch_s4925076/enol_opt_enol_831064


 DALTON: default work memory size used.            64000000

 Work memory size (LMWORK+2):    64000002 =  488.28 megabytes; node   0

   0: Directories for basis set searches:
     /home1/s4925076/Sample_inputs_dalton2024_updated/ex3/enol_opt:/home3/hb-qchav/Dalton/basis
enol_opt_enol.tar.gz has not been created and has thus not been copied to /home1/s4925076/Sample_inputs_dalton2024_updated/ex3/enol_opt
Copying files requested with -get back from scratch directory
'molden.inp' -> '/home1/s4925076/Sample_inputs_dalton2024_updated/ex3/enol_opt/enol_opt_enol.molden.inp'
Output is in /home1/s4925076/Sample_inputs_dalton2024_updated/ex3/enol_opt/enol_opt_enol.out as requested in input.

   Tue Mar 26 11:14:27 CET 2024
   ***************************************** 
