
   ******************************************* 
   **** OUTPUT FROM DALTON SHELL SCRIPT
   ******************************************* 

   DALTON release Dalton2022.0-dev (2022)

   Invocation: /home3/hb-qchav/Dalton/dalton -noarch -d -get molden.inp -o ketone_opt_ketone.out ketone_opt ketone

   Tue Mar 26 11:16:24 CET 2024

   Calculation: ketone_opt_ketone  (input files: ketone_opt.dal and ketone.mol)
   PID        : 831453
   Input dir  : /home1/s4925076/Sample_inputs_dalton2024_updated/ex3/ketone_opt
   Scratch dir: /tmp/DALTON_scratch_s4925076/ketone_opt_ketone_831453


 DALTON: default work memory size used.            64000000

 Work memory size (LMWORK+2):    64000002 =  488.28 megabytes; node   0

   0: Directories for basis set searches:
     /home1/s4925076/Sample_inputs_dalton2024_updated/ex3/ketone_opt:/home3/hb-qchav/Dalton/basis
ketone_opt_ketone.tar.gz has not been created and has thus not been copied to /home1/s4925076/Sample_inputs_dalton2024_updated/ex3/ketone_opt
Copying files requested with -get back from scratch directory
'molden.inp' -> '/home1/s4925076/Sample_inputs_dalton2024_updated/ex3/ketone_opt/ketone_opt_ketone.molden.inp'
Output is in /home1/s4925076/Sample_inputs_dalton2024_updated/ex3/ketone_opt/ketone_opt_ketone.out as requested in input.

   Tue Mar 26 11:16:39 CET 2024
   ***************************************** 
